#
# There is insufficient memory for the Java Runtime Environment to continue.
# Native memory allocation (malloc) failed to allocate 103284736 bytes for committing reserved memory.
# Possible reasons:
#   The system is out of physical RAM or swap space
#   In 32 bit mode, the process size limit was hit
# Possible solutions:
#   Reduce memory load on the system
#   Increase physical memory or swap space
#   Check if swap backing store is full
#   Use 64 bit Java on a 64 bit OS
#   Decrease Java heap size (-Xmx/-Xms)
#   Decrease number of Java threads
#   Decrease Java thread stack sizes (-Xss)
#   Set larger code cache with -XX:ReservedCodeCacheSize=
# This output file may be truncated or incomplete.
#
#  Out of Memory Error (os_linux.cpp:2798), pid=8281, tid=140229852694272
#
# JRE version: OpenJDK Runtime Environment (7.0_71-b14) (build 1.7.0_71-b14)
# Java VM: OpenJDK 64-Bit Server VM (24.65-b04 mixed mode linux-amd64 compressed oops)
# Derivative: IcedTea 2.5.3
# Distribution: Custom build (Wed Nov 19 08:54:41 UTC 2014)
# Failed to write core dump. Core dumps have been disabled. To enable core dumping, try "ulimit -c unlimited" before starting Java again
#

---------------  T H R E A D  ---------------

Current thread (0x00007f89e81c3800):  VMThread [stack: 0x00007f89ce7e8000,0x00007f89ce8e9000] [id=8291]

Stack: [0x00007f89ce7e8000,0x00007f89ce8e9000],  sp=0x00007f89ce8e74e0,  free space=1021k
Native frames: (J=compiled Java code, j=interpreted, Vv=VM code, C=native code)
V  [libjvm.so+0x980436]
V  [libjvm.so+0x48f912]
V  [libjvm.so+0x7f428b]
V  [libjvm.so+0x7eea0e]
V  [libjvm.so+0x8609bb]
V  [libjvm.so+0x861873]
V  [libjvm.so+0x861f8b]
V  [libjvm.so+0x85d989]
V  [libjvm.so+0x85e168]
V  [libjvm.so+0x815df3]
V  [libjvm.so+0x981d02]
V  [libjvm.so+0x986577]
V  [libjvm.so+0x984b6b]
V  [libjvm.so+0x985216]
V  [libjvm.so+0x9856e1]
V  [libjvm.so+0x7f0f92]

VM_Operation (0x00007f89ba382dd0): ParallelGCFailedAllocation, mode: safepoint, requested by thread 0x00007f89e97ea000


---------------  P R O C E S S  ---------------

Java Threads: ( => current thread )
  0x00007f89780aa000 JavaThread "Keep-Alive-Timer" daemon [_thread_blocked, id=8380, stack(0x00007f89bac4d000,0x00007f89bad4e000)]
  0x00007f896c011000 JavaThread "pool-2-thread-9" [_thread_blocked, id=8361, stack(0x00007f89ba084000,0x00007f89ba185000)]
  0x00007f89e97eb800 JavaThread "pool-2-thread-8" [_thread_blocked, id=8360, stack(0x00007f89bab4c000,0x00007f89bac4d000)]
  0x00007f89e97ea800 JavaThread "pool-2-thread-7" [_thread_blocked, id=8359, stack(0x00007f89ba185000,0x00007f89ba286000)]
  0x00007f89e97ea000 JavaThread "pool-2-thread-6" [_thread_blocked, id=8358, stack(0x00007f89ba286000,0x00007f89ba387000)]
  0x00007f89e97e9000 JavaThread "pool-2-thread-5" [_thread_blocked, id=8357, stack(0x00007f89ba68a000,0x00007f89ba78b000)]
  0x00007f89e97e8000 JavaThread "pool-2-thread-4" [_thread_blocked, id=8356, stack(0x00007f89ba488000,0x00007f89ba589000)]
  0x00007f89e97e6800 JavaThread "pool-2-thread-3" [_thread_blocked, id=8355, stack(0x00007f89ba387000,0x00007f89ba488000)]
  0x00007f89e97e5800 JavaThread "pool-2-thread-2" [_thread_blocked, id=8354, stack(0x00007f89ba78b000,0x00007f89ba88c000)]
  0x00007f89e97e0800 JavaThread "pool-2-thread-1" [_thread_blocked, id=8353, stack(0x00007f89ba589000,0x00007f89ba68a000)]
  0x00007f89e8ad2000 JavaThread "process reaper" daemon [_thread_blocked, id=8336, stack(0x00007f89ba8aa000,0x00007f89ba8e3000)]
  0x00007f89e81fc800 JavaThread "Service Thread" daemon [_thread_blocked, id=8297, stack(0x00007f89ce059000,0x00007f89ce15a000)]
  0x00007f89e81fa000 JavaThread "C2 CompilerThread1" daemon [_thread_blocked, id=8296, stack(0x00007f89ce15a000,0x00007f89ce25b000)]
  0x00007f89e81f7000 JavaThread "C2 CompilerThread0" daemon [_thread_blocked, id=8295, stack(0x00007f89ce25b000,0x00007f89ce35c000)]
  0x00007f89e81f5000 JavaThread "Signal Dispatcher" daemon [_thread_blocked, id=8294, stack(0x00007f89ce35c000,0x00007f89ce45d000)]
  0x00007f89e81ca000 JavaThread "Finalizer" daemon [_thread_blocked, id=8293, stack(0x00007f89ce5e6000,0x00007f89ce6e7000)]
  0x00007f89e81c8000 JavaThread "Reference Handler" daemon [_thread_blocked, id=8292, stack(0x00007f89ce6e7000,0x00007f89ce7e8000)]
  0x00007f89e8008800 JavaThread "main" [_thread_blocked, id=8282, stack(0x00007f89ef834000,0x00007f89ef935000)]

Other Threads:
=>0x00007f89e81c3800 VMThread [stack: 0x00007f89ce7e8000,0x00007f89ce8e9000] [id=8291]
  0x00007f89e81ff800 WatcherThread [stack: 0x00007f89cdf58000,0x00007f89ce059000] [id=8298]

VM state:at safepoint (normal execution)

VM Mutex/Monitor currently owned by a thread:  ([mutex/lock_event])
[0x00007f89e8006130] Threads_lock - owner thread: 0x00007f89e81c3800
[0x00007f89e8006630] Heap_lock - owner thread: 0x00007f89e97ea000

Heap
 PSYoungGen      total 271872K, used 960K [0x00000007d6e00000, 0x00000007e8b00000, 0x0000000800000000)
  eden space 251904K, 0% used [0x00000007d6e00000,0x00000007d6e00000,0x00000007e6400000)
  from space 19968K, 4% used [0x00000007e7780000,0x00000007e7870000,0x00000007e8b00000)
  to   space 1536K, 0% used [0x00000007e6f00000,0x00000007e6f00000,0x00000007e7080000)
 ParOldGen       total 83968K, used 70978K [0x0000000784a00000, 0x0000000789c00000, 0x00000007d6e00000)
  object space 83968K, 84% used [0x0000000784a00000,0x0000000788f508a0,0x0000000789c00000)
 PSPermGen       total 58880K, used 58753K [0x000000077a400000, 0x000000077dd80000, 0x0000000784a00000)
  object space 58880K, 99% used [0x000000077a400000,0x000000077dd60628,0x000000077dd80000)

Card table byte_map: [0x00007f89ec673000,0x00007f89ecaa2000] byte_map_base: 0x00007f89e8aa1000

Polling page: 0x00007f89ef963000

Code Cache  [0x00007f89e5000000, 0x00007f89e5510000, 0x00007f89e8000000)
 total_blobs=2513 nmethods=2079 adapters=385 free_code_cache=44064Kb largest_free_block=45052800

Compilation events (10 events):
Event: 119.360 Thread 0x00007f89e81f7000 2283             org.apache.ivy.core.module.id.ModuleRevisionId::<init> (120 bytes)
Event: 119.360 Thread 0x00007f89e81fa000 2284             org.apache.ivy.core.module.id.ModuleRevisionId::normalizeRevision (56 bytes)
Event: 119.362 Thread 0x00007f89e81fa000 nmethod 2284 0x00007f89e54e7e50 code [0x00007f89e54e7fe0, 0x00007f89e54e8230]
Event: 119.367 Thread 0x00007f89e81f7000 nmethod 2283 0x00007f89e54edd10 code [0x00007f89e54edf60, 0x00007f89e54ee720]
Event: 119.372 Thread 0x00007f89e81fa000 2285             java.util.LinkedHashMap::<init> (10 bytes)
Event: 119.373 Thread 0x00007f89e81fa000 nmethod 2285 0x00007f89e54e7ad0 code [0x00007f89e54e7c20, 0x00007f89e54e7d78]
Event: 119.386 Thread 0x00007f89e81f7000 2286             org.apache.ivy.core.module.id.ModuleRevisionId::<init> (11 bytes)
Event: 119.387 Thread 0x00007f89e81f7000 nmethod 2286 0x00007f89e54ed610 code [0x00007f89e54ed760, 0x00007f89e54ed7e8]
Event: 119.451 Thread 0x00007f89e81fa000 2287             java.util.regex.Pattern$LastNode::match (45 bytes)
Event: 119.452 Thread 0x00007f89e81fa000 nmethod 2287 0x00007f89e54e77d0 code [0x00007f89e54e7920, 0x00007f89e54e79f8]

GC Heap History (10 events):
Event: 87.960 GC heap after
Heap after GC invocations=15 (full 0):
 PSYoungGen      total 137216K, used 3953K [0x00000007d6e00000, 0x00000007e4d80000, 0x0000000800000000)
  eden space 117248K, 0% used [0x00000007d6e00000,0x00000007d6e00000,0x00000007de080000)
  from space 19968K, 19% used [0x00000007de080000,0x00000007de45c470,0x00000007df400000)
  to   space 20480K, 0% used [0x00000007e3980000,0x00000007e3980000,0x00000007e4d80000)
 ParOldGen       total 83968K, used 62559K [0x0000000784a00000, 0x0000000789c00000, 0x00000007d6e00000)
  object space 83968K, 74% used [0x0000000784a00000,0x0000000788717ee0,0x0000000789c00000)
 PSPermGen       total 58880K, used 58596K [0x000000077a400000, 0x000000077dd80000, 0x0000000784a00000)
  object space 58880K, 99% used [0x000000077a400000,0x000000077dd39060,0x000000077dd80000)
}
Event: 102.506 GC heap before
{Heap before GC invocations=16 (full 0):
 PSYoungGen      total 137216K, used 121201K [0x00000007d6e00000, 0x00000007e4d80000, 0x0000000800000000)
  eden space 117248K, 100% used [0x00000007d6e00000,0x00000007de080000,0x00000007de080000)
  from space 19968K, 19% used [0x00000007de080000,0x00000007de45c470,0x00000007df400000)
  to   space 20480K, 0% used [0x00000007e3980000,0x00000007e3980000,0x00000007e4d80000)
 ParOldGen       total 83968K, used 62559K [0x0000000784a00000, 0x0000000789c00000, 0x00000007d6e00000)
  object space 83968K, 74% used [0x0000000784a00000,0x0000000788717ee0,0x0000000789c00000)
 PSPermGen       total 58880K, used 58680K [0x000000077a400000, 0x000000077dd80000, 0x0000000784a00000)
  object space 58880K, 99% used [0x000000077a400000,0x000000077dd4e178,0x000000077dd80000)
Event: 102.517 GC heap after
Heap after GC invocations=16 (full 0):
 PSYoungGen      total 208384K, used 3426K [0x00000007d6e00000, 0x00000007e4d80000, 0x0000000800000000)
  eden space 187904K, 0% used [0x00000007d6e00000,0x00000007d6e00000,0x00000007e2580000)
  from space 20480K, 16% used [0x00000007e3980000,0x00000007e3cd88e0,0x00000007e4d80000)
  to   space 20480K, 0% used [0x00000007e2580000,0x00000007e2580000,0x00000007e3980000)
 ParOldGen       total 83968K, used 65216K [0x0000000784a00000, 0x0000000789c00000, 0x00000007d6e00000)
  object space 83968K, 77% used [0x0000000784a00000,0x00000007889b0170,0x0000000789c00000)
 PSPermGen       total 58880K, used 58680K [0x000000077a400000, 0x000000077dd80000, 0x0000000784a00000)
  object space 58880K, 99% used [0x000000077a400000,0x000000077dd4e178,0x000000077dd80000)
}
Event: 115.552 GC heap before
{Heap before GC invocations=17 (full 0):
 PSYoungGen      total 208384K, used 191330K [0x00000007d6e00000, 0x00000007e4d80000, 0x0000000800000000)
  eden space 187904K, 100% used [0x00000007d6e00000,0x00000007e2580000,0x00000007e2580000)
  from space 20480K, 16% used [0x00000007e3980000,0x00000007e3cd88e0,0x00000007e4d80000)
  to   space 20480K, 0% used [0x00000007e2580000,0x00000007e2580000,0x00000007e3980000)
 ParOldGen       total 83968K, used 65216K [0x0000000784a00000, 0x0000000789c00000, 0x00000007d6e00000)
  object space 83968K, 77% used [0x0000000784a00000,0x00000007889b0170,0x0000000789c00000)
 PSPermGen       total 58880K, used 58715K [0x000000077a400000, 0x000000077dd80000, 0x0000000784a00000)
  object space 58880K, 99% used [0x000000077a400000,0x000000077dd56dc8,0x000000077dd80000)
Event: 115.565 GC heap after
Heap after GC invocations=17 (full 0):
 PSYoungGen      total 208384K, used 3202K [0x00000007d6e00000, 0x00000007e9600000, 0x0000000800000000)
  eden space 187904K, 0% used [0x00000007d6e00000,0x00000007d6e00000,0x00000007e2580000)
  from space 20480K, 15% used [0x00000007e2580000,0x00000007e28a08c0,0x00000007e3980000)
  to   space 19968K, 0% used [0x00000007e8280000,0x00000007e8280000,0x00000007e9600000)
 ParOldGen       total 83968K, used 67266K [0x0000000784a00000, 0x0000000789c00000, 0x00000007d6e00000)
  object space 83968K, 80% used [0x0000000784a00000,0x0000000788bb0bd0,0x0000000789c00000)
 PSPermGen       total 58880K, used 58715K [0x000000077a400000, 0x000000077dd80000, 0x0000000784a00000)
  object space 58880K, 99% used [0x000000077a400000,0x000000077dd56dc8,0x000000077dd80000)
}
Event: 115.946 GC heap before
{Heap before GC invocations=18 (full 0):
 PSYoungGen      total 208384K, used 191106K [0x00000007d6e00000, 0x00000007e9600000, 0x0000000800000000)
  eden space 187904K, 100% used [0x00000007d6e00000,0x00000007e2580000,0x00000007e2580000)
  from space 20480K, 15% used [0x00000007e2580000,0x00000007e28a08c0,0x00000007e3980000)
  to   space 19968K, 0% used [0x00000007e8280000,0x00000007e8280000,0x00000007e9600000)
 ParOldGen       total 83968K, used 67266K [0x0000000784a00000, 0x0000000789c00000, 0x00000007d6e00000)
  object space 83968K, 80% used [0x0000000784a00000,0x0000000788bb0bd0,0x0000000789c00000)
 PSPermGen       total 58880K, used 58730K [0x000000077a400000, 0x000000077dd80000, 0x0000000784a00000)
  object space 58880K, 99% used [0x000000077a400000,0x000000077dd5a830,0x000000077dd80000)
Event: 115.954 GC heap after
Heap after GC invocations=18 (full 0):
 PSYoungGen      total 283136K, used 864K [0x00000007d6e00000, 0x00000007e9600000, 0x0000000800000000)
  eden space 263168K, 0% used [0x00000007d6e00000,0x00000007d6e00000,0x00000007e6f00000)
  from space 19968K, 4% used [0x00000007e8280000,0x00000007e8358000,0x00000007e9600000)
  to   space 19968K, 0% used [0x00000007e6f00000,0x00000007e6f00000,0x00000007e8280000)
 ParOldGen       total 83968K, used 69450K [0x0000000784a00000, 0x0000000789c00000, 0x00000007d6e00000)
  object space 83968K, 82% used [0x0000000784a00000,0x0000000788dd28a0,0x0000000789c00000)
 PSPermGen       total 58880K, used 58730K [0x000000077a400000, 0x000000077dd80000, 0x0000000784a00000)
  object space 58880K, 99% used [0x000000077a400000,0x000000077dd5a830,0x000000077dd80000)
}
Event: 119.102 GC heap before
{Heap before GC invocations=19 (full 0):
 PSYoungGen      total 283136K, used 264032K [0x00000007d6e00000, 0x00000007e9600000, 0x0000000800000000)
  eden space 263168K, 100% used [0x00000007d6e00000,0x00000007e6f00000,0x00000007e6f00000)
  from space 19968K, 4% used [0x00000007e8280000,0x00000007e8358000,0x00000007e9600000)
  to   space 19968K, 0% used [0x00000007e6f00000,0x00000007e6f00000,0x00000007e8280000)
 ParOldGen       total 83968K, used 69450K [0x0000000784a00000, 0x0000000789c00000, 0x00000007d6e00000)
  object space 83968K, 82% used [0x0000000784a00000,0x0000000788dd28a0,0x0000000789c00000)
 PSPermGen       total 58880K, used 58746K [0x000000077a400000, 0x000000077dd80000, 0x0000000784a00000)
  object space 58880K, 99% used [0x000000077a400000,0x000000077dd5eae8,0x000000077dd80000)
Event: 119.107 GC heap after
Heap after GC invocations=19 (full 0):
 PSYoungGen      total 253440K, used 1056K [0x00000007d6e00000, 0x00000007e8b00000, 0x0000000800000000)
  eden space 251904K, 0% used [0x00000007d6e00000,0x00000007d6e00000,0x00000007e6400000)
  from space 1536K, 68% used [0x00000007e6f00000,0x00000007e7008000,0x00000007e7080000)
  to   space 19968K, 0% used [0x00000007e7780000,0x00000007e7780000,0x00000007e8b00000)
 ParOldGen       total 83968K, used 70066K [0x0000000784a00000, 0x0000000789c00000, 0x00000007d6e00000)
  object space 83968K, 83% used [0x0000000784a00000,0x0000000788e6c8a0,0x0000000789c00000)
 PSPermGen       total 58880K, used 58746K [0x000000077a400000, 0x000000077dd80000, 0x0000000784a00000)
  object space 58880K, 99% used [0x000000077a400000,0x000000077dd5eae8,0x000000077dd80000)
}
Event: 119.489 GC heap before
{Heap before GC invocations=20 (full 0):
 PSYoungGen      total 253440K, used 252960K [0x00000007d6e00000, 0x00000007e8b00000, 0x0000000800000000)
  eden space 251904K, 100% used [0x00000007d6e00000,0x00000007e6400000,0x00000007e6400000)
  from space 1536K, 68% used [0x00000007e6f00000,0x00000007e7008000,0x00000007e7080000)
  to   space 19968K, 0% used [0x00000007e7780000,0x00000007e7780000,0x00000007e8b00000)
 ParOldGen       total 83968K, used 70066K [0x0000000784a00000, 0x0000000789c00000, 0x00000007d6e00000)
  object space 83968K, 83% used [0x0000000784a00000,0x0000000788e6c8a0,0x0000000789c00000)
 PSPermGen       total 58880K, used 58753K [0x000000077a400000, 0x000000077dd80000, 0x0000000784a00000)
  object space 58880K, 99% used [0x000000077a400000,0x000000077dd60628,0x000000077dd80000)

Deoptimization events (10 events):
Event: 74.476 Thread 0x00007f89e97ea000 Uncommon trap: reason=class_check action=maybe_recompile pc=0x00007f89e5403a68 method=scala.collection.mutable.ResizableArray$class.foreach(Lscala/collection/mutable/ResizableArray;Lscala/Function1;)V @ 3
Event: 74.514 Thread 0x00007f89e97ea000 Uncommon trap: reason=unreached action=reinterpret pc=0x00007f89e537f0c0 method=java.util.regex.Pattern.expr(Ljava/util/regex/Pattern$Node;)Ljava/util/regex/Pattern$Node; @ 21
Event: 76.718 Thread 0x00007f89e97ea000 Uncommon trap: reason=class_check action=maybe_recompile pc=0x00007f89e50f6bb0 method=java.util.HashMap.putForCreate(Ljava/lang/Object;Ljava/lang/Object;)V @ 97
Event: 76.718 Thread 0x00007f89e97ea000 Uncommon trap: reason=class_check action=maybe_recompile pc=0x00007f89e50f6bb0 method=java.util.HashMap.putForCreate(Ljava/lang/Object;Ljava/lang/Object;)V @ 97
Event: 77.313 Thread 0x00007f89e97ea000 Uncommon trap: reason=class_check action=maybe_recompile pc=0x00007f89e5115018 method=java.util.AbstractList$Itr.hasNext()Z @ 8
Event: 77.983 Thread 0x00007f89e97ea000 Uncommon trap: reason=predicate action=maybe_recompile pc=0x00007f89e53c2004 method=java.nio.charset.CharsetDecoder.decode(Ljava/nio/ByteBuffer;Ljava/nio/CharBuffer;Z)Ljava/nio/charset/CoderResult; @ 54
Event: 86.005 Thread 0x00007f89e97ea000 Uncommon trap: reason=null_check action=make_not_entrant pc=0x00007f89e543cbb4 method=org.apache.ivy.core.resolve.IvyNodeUsage.addAndGetConfigurations(Ljava/lang/String;)Ljava/util/Set; @ 10
Event: 95.806 Thread 0x00007f89e97ea000 Uncommon trap: reason=unreached action=reinterpret pc=0x00007f89e5430f40 method=java.util.HashMap.removeEntryForKey(Ljava/lang/Object;)Ljava/util/HashMap$Entry; @ 115
Event: 112.965 Thread 0x00007f89e97ea000 Uncommon trap: reason=class_check action=maybe_recompile pc=0x00007f89e5463be8 method=org.apache.ivy.plugins.parser.m2.PomReader.getTextContent(Lorg/w3c/dom/Element;)Ljava/lang/String; @ 38
Event: 115.994 Thread 0x00007f89e97ea000 Uncommon trap: reason=null_check action=make_not_entrant pc=0x00007f89e54d7664 method=org.apache.ivy.core.resolve.IvyNodeUsage.getConfigurations(Ljava/lang/String;)Ljava/util/Set; @ 10

Internal exceptions (10 events):
Event: 76.536 Thread 0x00007f89e97ea000 Threw 0x00000007db4d5e90 at /build/java7-openjdk/src/icedtea-2.5.3/openjdk/hotspot/src/share/vm/prims/jvm.cpp:1284
Event: 76.538 Thread 0x00007f89e97ea000 Threw 0x00000007db4de118 at /build/java7-openjdk/src/icedtea-2.5.3/openjdk/hotspot/src/share/vm/prims/jvm.cpp:1284
Event: 76.538 Thread 0x00007f89e97ea000 Threw 0x00000007db4e2b78 at /build/java7-openjdk/src/icedtea-2.5.3/openjdk/hotspot/src/share/vm/prims/jvm.cpp:1284
Event: 76.548 Thread 0x00007f89e97ea000 Threw 0x00000007db52e250 at /build/java7-openjdk/src/icedtea-2.5.3/openjdk/hotspot/src/share/vm/prims/jvm.cpp:1284
Event: 76.749 Thread 0x00007f89e97ea000 Threw 0x00000007d7027d58 at /build/java7-openjdk/src/icedtea-2.5.3/openjdk/hotspot/src/share/vm/prims/jvm.cpp:1284
Event: 76.770 Thread 0x00007f89e97ea000 Threw 0x00000007d7115f28 at /build/java7-openjdk/src/icedtea-2.5.3/openjdk/hotspot/src/share/vm/prims/jvm.cpp:1284
Event: 78.534 Thread 0x00007f89e97ea000 Threw 0x00000007d91bad98 at /build/java7-openjdk/src/icedtea-2.5.3/openjdk/hotspot/src/share/vm/prims/jvm.cpp:1284
Event: 79.306 Thread 0x00007f89e97ea000 Threw 0x00000007d9bab560 at /build/java7-openjdk/src/icedtea-2.5.3/openjdk/hotspot/src/share/vm/prims/jvm.cpp:1284
Event: 86.005 Thread 0x00007f89e97ea000 Implicit null exception at 0x00007f89e5437f23 to 0x00007f89e543cb99
Event: 115.993 Thread 0x00007f89e97ea000 Implicit null exception at 0x00007f89e54d6643 to 0x00007f89e54d7649

Events (10 events):
Event: 115.943 Executing VM operation: ParallelGCFailedAllocation
Event: 115.955 Executing VM operation: ParallelGCFailedAllocation done
Event: 115.994 Thread 0x00007f89e97ea000 Uncommon trap: trap_request=0xfffffff4 fr.pc=0x00007f89e54d7664
Event: 115.994 Thread 0x00007f89e97ea000 DEOPT PACKING pc=0x00007f89e54d7664 sp=0x00007f89ba3830d0
Event: 115.995 Thread 0x00007f89e97ea000 DEOPT UNPACKING pc=0x00007f89e5039445 sp=0x00007f89ba382fb0 mode 2
Event: 118.946 Executing VM operation: RevokeBias
Event: 118.983 Executing VM operation: RevokeBias done
Event: 119.101 Executing VM operation: ParallelGCFailedAllocation
Event: 119.107 Executing VM operation: ParallelGCFailedAllocation done
Event: 119.488 Executing VM operation: ParallelGCFailedAllocation


Dynamic libraries:
00400000-00401000 r-xp 00000000 08:01 575464                             /usr/lib/jvm/java-7-openjdk/jre/bin/java
00600000-00601000 rw-p 00000000 08:01 575464                             /usr/lib/jvm/java-7-openjdk/jre/bin/java
020b9000-020da000 rw-p 00000000 00:00 0                                  [heap]
77a400000-77dd80000 rw-p 00000000 00:00 0 
77dd80000-784a00000 rw-p 00000000 00:00 0 
784a00000-789c00000 rw-p 00000000 00:00 0 
789c00000-7d6e00000 rw-p 00000000 00:00 0 
7d6e00000-7e8b00000 rw-p 00000000 00:00 0 
7eed80000-800000000 rw-p 00000000 00:00 0 
7f8964000000-7f8964021000 rw-p 00000000 00:00 0 
7f8964021000-7f8968000000 ---p 00000000 00:00 0 
7f896c000000-7f896c021000 rw-p 00000000 00:00 0 
7f896c021000-7f8970000000 ---p 00000000 00:00 0 
7f8970000000-7f8970021000 rw-p 00000000 00:00 0 
7f8970021000-7f8974000000 ---p 00000000 00:00 0 
7f8974000000-7f8974021000 rw-p 00000000 00:00 0 
7f8974021000-7f8978000000 ---p 00000000 00:00 0 
7f8978000000-7f89782ca000 rw-p 00000000 00:00 0 
7f89782ca000-7f897c000000 ---p 00000000 00:00 0 
7f897c000000-7f897c021000 rw-p 00000000 00:00 0 
7f897c021000-7f8980000000 ---p 00000000 00:00 0 
7f8980000000-7f8980023000 rw-p 00000000 00:00 0 
7f8980023000-7f8984000000 ---p 00000000 00:00 0 
7f8984000000-7f8984021000 rw-p 00000000 00:00 0 
7f8984021000-7f8988000000 ---p 00000000 00:00 0 
7f8988000000-7f8988021000 rw-p 00000000 00:00 0 
7f8988021000-7f898c000000 ---p 00000000 00:00 0 
7f898c000000-7f898c021000 rw-p 00000000 00:00 0 
7f898c021000-7f8990000000 ---p 00000000 00:00 0 
7f8990000000-7f8990021000 rw-p 00000000 00:00 0 
7f8990021000-7f8994000000 ---p 00000000 00:00 0 
7f8994000000-7f8994021000 rw-p 00000000 00:00 0 
7f8994021000-7f8998000000 ---p 00000000 00:00 0 
7f8998000000-7f8998021000 rw-p 00000000 00:00 0 
7f8998021000-7f899c000000 ---p 00000000 00:00 0 
7f899c000000-7f899d2af000 rw-p 00000000 00:00 0 
7f899d2af000-7f89a0000000 ---p 00000000 00:00 0 
7f89a0000000-7f89a0021000 rw-p 00000000 00:00 0 
7f89a0021000-7f89a4000000 ---p 00000000 00:00 0 
7f89a4000000-7f89a4021000 rw-p 00000000 00:00 0 
7f89a4021000-7f89a8000000 ---p 00000000 00:00 0 
7f89a8000000-7f89a94c5000 rw-p 00000000 00:00 0 
7f89a94c5000-7f89ac000000 ---p 00000000 00:00 0 
7f89ac000000-7f89ac021000 rw-p 00000000 00:00 0 
7f89ac021000-7f89b0000000 ---p 00000000 00:00 0 
7f89b0000000-7f89b0021000 rw-p 00000000 00:00 0 
7f89b0021000-7f89b4000000 ---p 00000000 00:00 0 
7f89b4000000-7f89b4049000 rw-p 00000000 00:00 0 
7f89b4049000-7f89b8000000 ---p 00000000 00:00 0 
7f89b9f82000-7f89b9f83000 rw-p 00000000 00:00 0 
7f89b9f83000-7f89b9f86000 ---p 00000000 00:00 0 
7f89b9f86000-7f89ba084000 rw-p 00000000 00:00 0 
7f89ba084000-7f89ba087000 ---p 00000000 00:00 0 
7f89ba087000-7f89ba185000 rw-p 00000000 00:00 0                          [stack:8361]
7f89ba185000-7f89ba188000 ---p 00000000 00:00 0 
7f89ba188000-7f89ba286000 rw-p 00000000 00:00 0                          [stack:8359]
7f89ba286000-7f89ba289000 ---p 00000000 00:00 0 
7f89ba289000-7f89ba387000 rw-p 00000000 00:00 0                          [stack:8358]
7f89ba387000-7f89ba38a000 ---p 00000000 00:00 0 
7f89ba38a000-7f89ba488000 rw-p 00000000 00:00 0                          [stack:8355]
7f89ba488000-7f89ba48b000 ---p 00000000 00:00 0 
7f89ba48b000-7f89ba589000 rw-p 00000000 00:00 0                          [stack:8356]
7f89ba589000-7f89ba58c000 ---p 00000000 00:00 0 
7f89ba58c000-7f89ba68a000 rw-p 00000000 00:00 0                          [stack:8353]
7f89ba68a000-7f89ba68d000 ---p 00000000 00:00 0 
7f89ba68d000-7f89ba78b000 rw-p 00000000 00:00 0                          [stack:8357]
7f89ba78b000-7f89ba78e000 ---p 00000000 00:00 0 
7f89ba78e000-7f89ba88c000 rw-p 00000000 00:00 0                          [stack:8354]
7f89ba88c000-7f89ba88e000 r--s 00012000 08:01 679103                     /usr/lib/jvm/java-7-openjdk/jre/lib/ext/zipfs.jar
7f89ba88e000-7f89ba892000 r--s 00085000 08:01 679101                     /usr/lib/jvm/java-7-openjdk/jre/lib/ext/localedata.jar
7f89ba892000-7f89ba893000 r--s 00002000 08:01 679100                     /usr/lib/jvm/java-7-openjdk/jre/lib/ext/dnsns.jar
7f89ba893000-7f89ba8a0000 r--s 0010f000 08:01 575445                     /usr/lib/jvm/java-7-openjdk/jre/lib/rhino.jar
7f89ba8a0000-7f89ba8aa000 r--s 00203000 08:01 575441                     /usr/lib/jvm/java-7-openjdk/jre/lib/charsets.jar
7f89ba8aa000-7f89ba8ad000 ---p 00000000 00:00 0 
7f89ba8ad000-7f89ba8e3000 rw-p 00000000 00:00 0                          [stack:8336]
7f89ba8e3000-7f89ba8e5000 r--s 0000b000 08:02 7078380                    /home/raf/.sbt/boot/scala-2.10.4/org.scala-sbt/sbt/0.13.7/xsbti/interface-0.13.7.jar
7f89ba8e5000-7f89ba8e6000 r--s 00001000 08:02 6305403                    /home/raf/.sbt/boot/scala-2.10.4/org.scala-sbt/sbt/0.13.7/cross-0.13.7.jar
7f89ba8e6000-7f89ba8e9000 r--s 00018000 08:02 6305420                    /home/raf/.sbt/boot/scala-2.10.4/org.scala-sbt/sbt/0.13.7/logging-0.13.7.jar
7f89ba8e9000-7f89ba8f1000 r--s 00069000 08:02 6305431                    /home/raf/.sbt/boot/scala-2.10.4/org.scala-sbt/sbt/0.13.7/actions-0.13.7.jar
7f89ba8f1000-7f89ba8f3000 r--s 00014000 08:02 6305440                    /home/raf/.sbt/boot/scala-2.10.4/org.scala-sbt/sbt/0.13.7/apply-macro-0.13.7.jar
7f89ba8f3000-7f89ba8f5000 r--s 00007000 08:02 6305426                    /home/raf/.sbt/boot/scala-2.10.4/org.scala-sbt/sbt/0.13.7/paranamer-2.6.jar
7f89ba8f5000-7f89ba8f8000 r--s 0001a000 08:02 6305406                    /home/raf/.sbt/boot/scala-2.10.4/org.scala-sbt/sbt/0.13.7/cache-0.13.7.jar
7f89ba8f8000-7f89ba8fc000 r--s 0001b000 08:02 6305428                    /home/raf/.sbt/boot/scala-2.10.4/org.scala-sbt/sbt/0.13.7/process-0.13.7.jar
7f89ba8fc000-7f89ba8ff000 r--s 00019000 08:02 6305441                    /home/raf/.sbt/boot/scala-2.10.4/org.scala-sbt/sbt/0.13.7/compile-0.13.7.jar
7f89ba8ff000-7f89ba900000 r--s 0000a000 08:02 6305437                    /home/raf/.sbt/boot/scala-2.10.4/org.scala-sbt/sbt/0.13.7/tracking-0.13.7.jar
7f89ba900000-7f89ba907000 r--s 00049000 08:02 6305404                    /home/raf/.sbt/boot/scala-2.10.4/org.scala-sbt/sbt/0.13.7/api-0.13.7.jar
7f89ba907000-7f89ba90f000 r--s 00057000 08:02 6305421                    /home/raf/.sbt/boot/scala-2.10.4/org.scala-sbt/sbt/0.13.7/completion-0.13.7.jar
7f89ba90f000-7f89ba911000 r--s 00001000 08:02 6305417                    /home/raf/.sbt/boot/scala-2.10.4/org.scala-sbt/sbt/0.13.7/compiler-ivy-integration-0.13.7.jar
7f89ba911000-7f89ba924000 r--s 000fc000 08:02 6305414                    /home/raf/.sbt/boot/scala-2.10.4/org.scala-sbt/sbt/0.13.7/ivy-0.13.7.jar
7f89ba924000-7f89ba926000 r--s 0000e000 08:02 6305435                    /home/raf/.sbt/boot/scala-2.10.4/org.scala-sbt/sbt/0.13.7/logic-0.13.7.jar
7f89ba926000-7f89ba929000 r--s 00030000 08:02 6305424                    /home/raf/.sbt/boot/scala-2.10.4/org.scala-sbt/sbt/0.13.7/jline-2.11.jar
7f89ba929000-7f89ba933000 r--s 00085000 08:02 6305430                    /home/raf/.sbt/boot/scala-2.10.4/org.scala-sbt/sbt/0.13.7/json4s-core_2.10-3.2.10.jar
7f89ba933000-7f89ba93c000 r--s 00061000 08:02 6305409                    /home/raf/.sbt/boot/scala-2.10.4/org.scala-sbt/sbt/0.13.7/incremental-compiler-0.13.7.jar
7f89ba93c000-7f89ba93e000 r--s 00002000 08:02 6305432                    /home/raf/.sbt/boot/scala-2.10.4/org.scala-sbt/sbt/0.13.7/control-0.13.7.jar
7f89ba93e000-7f89ba940000 r--s 00012000 08:02 6305412                    /home/raf/.sbt/boot/scala-2.10.4/org.scala-sbt/sbt/0.13.7/jawn-parser_2.10-0.6.0.jar
7f89ba940000-7f89ba942000 r--s 00002000 08:02 6305419                    /home/raf/.sbt/boot/scala-2.10.4/org.scala-sbt/sbt/0.13.7/test-interface-1.0.jar
7f89ba942000-7f89ba94a000 r--s 00060000 08:02 6305438                    /home/raf/.sbt/boot/scala-2.10.4/org.scala-sbt/sbt/0.13.7/collections-0.13.7.jar
7f89ba94a000-7f89ba95d000 r--s 000be000 08:02 6305410                    /home/raf/.sbt/boot/scala-2.10.4/org.scala-sbt/sbt/0.13.7/scalap-2.10.0.jar
7f89ba95d000-7f89ba960000 r--s 0001d000 08:02 6305422                    /home/raf/.sbt/boot/scala-2.10.4/org.scala-sbt/sbt/0.13.7/task-system-0.13.7.jar
7f89ba960000-7f89ba963000 r--s 0001e000 08:02 6305411                    /home/raf/.sbt/boot/scala-2.10.4/org.scala-sbt/sbt/0.13.7/run-0.13.7.jar
7f89ba963000-7f89ba969000 r--s 0003d000 08:02 6305433                    /home/raf/.sbt/boot/scala-2.10.4/org.scala-sbt/sbt/0.13.7/io-0.13.7.jar
7f89ba969000-7f89ba96d000 r--s 00022000 08:02 6305434                    /home/raf/.sbt/boot/scala-2.10.4/org.scala-sbt/sbt/0.13.7/sbinary_2.10-0.4.2.jar
7f89ba96d000-7f89ba9a3000 r--s 002d9000 08:02 6305401                    /home/raf/.sbt/boot/scala-2.10.4/org.scala-sbt/sbt/0.13.7/scala-reflect-2.10.4.jar
7f89ba9a3000-7f89ba9a6000 r--s 0000e000 08:02 6305415                    /home/raf/.sbt/boot/scala-2.10.4/org.scala-sbt/sbt/0.13.7/compiler-integration-0.13.7.jar
7f89ba9a6000-7f89ba9a9000 r--s 00013000 08:02 6305418                    /home/raf/.sbt/boot/scala-2.10.4/org.scala-sbt/sbt/0.13.7/classpath-0.13.7.jar
7f89ba9a9000-7f89ba9b3000 r--s 00092000 08:02 6305413                    /home/raf/.sbt/boot/scala-2.10.4/org.scala-sbt/sbt/0.13.7/main-settings-0.13.7.jar
7f89ba9b3000-7f89ba9dd000 r--s 0022d000 08:02 6305399                    /home/raf/.sbt/boot/scala-2.10.4/org.scala-sbt/sbt/0.13.7/main-0.13.7.jar
7f89ba9dd000-7f89baada000 r--s 00cca000 08:02 3933227                    /home/raf/.sbt/boot/scala-2.10.4/lib/scala-compiler.jar
7f89baada000-7f89bab4c000 r--s 0065a000 08:02 3933231                    /home/raf/.sbt/boot/scala-2.10.4/lib/scala-library.jar
7f89bab4c000-7f89bab4f000 ---p 00000000 00:00 0 
7f89bab4f000-7f89bac4d000 rw-p 00000000 00:00 0                          [stack:8360]
7f89bac4d000-7f89bac50000 ---p 00000000 00:00 0 
7f89bac50000-7f89bad4e000 rw-p 00000000 00:00 0                          [stack:8380]
7f89bad4e000-7f89bad53000 r-xp 00000000 08:01 527376                     /usr/lib/libnss_dns-2.20.so
7f89bad53000-7f89baf52000 ---p 00005000 08:01 527376                     /usr/lib/libnss_dns-2.20.so
7f89baf52000-7f89baf53000 r--p 00004000 08:01 527376                     /usr/lib/libnss_dns-2.20.so
7f89baf53000-7f89baf54000 rw-p 00005000 08:01 527376                     /usr/lib/libnss_dns-2.20.so
7f89baf54000-7f89bafcb000 r-xp 00000000 08:01 553625                     /usr/lib/libfreebl3.so
7f89bafcb000-7f89bb1ca000 ---p 00077000 08:01 553625                     /usr/lib/libfreebl3.so
7f89bb1ca000-7f89bb1cc000 r--p 00076000 08:01 553625                     /usr/lib/libfreebl3.so
7f89bb1cc000-7f89bb1cd000 rw-p 00078000 08:01 553625                     /usr/lib/libfreebl3.so
7f89bb1cd000-7f89bb1d1000 rw-p 00000000 00:00 0 
7f89bb1d1000-7f89bb293000 r-xp 00000000 08:01 605205                     /usr/lib/libsqlite3.so.0.8.6
7f89bb293000-7f89bb493000 ---p 000c2000 08:01 605205                     /usr/lib/libsqlite3.so.0.8.6
7f89bb493000-7f89bb495000 r--p 000c2000 08:01 605205                     /usr/lib/libsqlite3.so.0.8.6
7f89bb495000-7f89bb498000 rw-p 000c4000 08:01 605205                     /usr/lib/libsqlite3.so.0.8.6
7f89bb498000-7f89bb4d6000 r-xp 00000000 08:01 553636                     /usr/lib/libsoftokn3.so
7f89bb4d6000-7f89bb6d6000 ---p 0003e000 08:01 553636                     /usr/lib/libsoftokn3.so
7f89bb6d6000-7f89bb6d7000 r--p 0003e000 08:01 553636                     /usr/lib/libsoftokn3.so
7f89bb6d7000-7f89bb6d8000 rw-p 0003f000 08:01 553636                     /usr/lib/libsoftokn3.so
7f89bb6d8000-7f89bb712000 r-xp 00000000 08:01 553603                     /usr/lib/libnspr4.so
7f89bb712000-7f89bb912000 ---p 0003a000 08:01 553603                     /usr/lib/libnspr4.so
7f89bb912000-7f89bb913000 r--p 0003a000 08:01 553603                     /usr/lib/libnspr4.so
7f89bb913000-7f89bb915000 rw-p 0003b000 08:01 553603                     /usr/lib/libnspr4.so
7f89bb915000-7f89bb917000 rw-p 00000000 00:00 0 
7f89bb917000-7f89bb91a000 r-xp 00000000 08:01 553604                     /usr/lib/libplds4.so
7f89bb91a000-7f89bbb19000 ---p 00003000 08:01 553604                     /usr/lib/libplds4.so
7f89bbb19000-7f89bbb1a000 r--p 00002000 08:01 553604                     /usr/lib/libplds4.so
7f89bbb1a000-7f89bbb1b000 rw-p 00003000 08:01 553604                     /usr/lib/libplds4.so
7f89bbb1b000-7f89bbb1f000 r-xp 00000000 08:01 553605                     /usr/lib/libplc4.so
7f89bbb1f000-7f89bbd1e000 ---p 00004000 08:01 553605                     /usr/lib/libplc4.so
7f89bbd1e000-7f89bbd1f000 r--p 00003000 08:01 553605                     /usr/lib/libplc4.so
7f89bbd1f000-7f89bbd20000 rw-p 00004000 08:01 553605                     /usr/lib/libplc4.so
7f89bbd20000-7f89c0000000 rw-p 00000000 00:00 0 
7f89c0000000-7f89c0021000 rw-p 00000000 00:00 0 
7f89c0021000-7f89c4000000 ---p 00000000 00:00 0 
7f89c4000000-7f89c4021000 rw-p 00000000 00:00 0 
7f89c4021000-7f89c8000000 ---p 00000000 00:00 0 
7f89c8000000-7f89c8021000 rw-p 00000000 00:00 0 
7f89c8021000-7f89cc000000 ---p 00000000 00:00 0 
7f89cc000000-7f89cc001000 r--s 00001000 08:02 6305407                    /home/raf/.sbt/boot/scala-2.10.4/org.scala-sbt/sbt/0.13.7/json4s-support_2.10-0.6.0.jar
7f89cc001000-7f89cc004000 r--s 0001d000 08:02 6305442                    /home/raf/.sbt/boot/scala-2.10.4/org.scala-sbt/sbt/0.13.7/tasks-0.13.7.jar
7f89cc004000-7f89cc01a000 r--s 00100000 08:02 6305425                    /home/raf/.sbt/boot/scala-2.10.4/org.scala-sbt/sbt/0.13.7/ivy-2.3.0-sbt-fccfbd44c9f64523b61398a0155784dcbaeae28f.jar
7f89cc01a000-7f89cc040000 r-xp 00000000 08:01 553634                     /usr/lib/libnssutil3.so
7f89cc040000-7f89cc23f000 ---p 00026000 08:01 553634                     /usr/lib/libnssutil3.so
7f89cc23f000-7f89cc245000 r--p 00025000 08:01 553634                     /usr/lib/libnssutil3.so
7f89cc245000-7f89cc246000 rw-p 0002b000 08:01 553634                     /usr/lib/libnssutil3.so
7f89cc246000-7f89cc365000 r-xp 00000000 08:01 553626                     /usr/lib/libnss3.so
7f89cc365000-7f89cc564000 ---p 0011f000 08:01 553626                     /usr/lib/libnss3.so
7f89cc564000-7f89cc569000 r--p 0011e000 08:01 553626                     /usr/lib/libnss3.so
7f89cc569000-7f89cc56b000 rw-p 00123000 08:01 553626                     /usr/lib/libnss3.so
7f89cc56b000-7f89cc56d000 rw-p 00000000 00:00 0 
7f89cc56d000-7f89cc57d000 r-xp 00000000 08:01 679120                     /usr/lib/jvm/java-7-openjdk/jre/lib/amd64/libj2pkcs11.so
7f89cc57d000-7f89cc77c000 ---p 00010000 08:01 679120                     /usr/lib/jvm/java-7-openjdk/jre/lib/amd64/libj2pkcs11.so
7f89cc77c000-7f89cc77d000 rw-p 0000f000 08:01 679120                     /usr/lib/jvm/java-7-openjdk/jre/lib/amd64/libj2pkcs11.so
7f89cc77d000-7f89cc78d000 r-xp 00000000 08:01 679112                     /usr/lib/jvm/java-7-openjdk/jre/lib/amd64/libnio.so
7f89cc78d000-7f89cc98d000 ---p 00010000 08:01 679112                     /usr/lib/jvm/java-7-openjdk/jre/lib/amd64/libnio.so
7f89cc98d000-7f89cc98e000 rw-p 00010000 08:01 679112                     /usr/lib/jvm/java-7-openjdk/jre/lib/amd64/libnio.so
7f89cc98e000-7f89ccbd8000 rw-p 00000000 00:00 0 
7f89ccbd8000-7f89ccbec000 r-xp 00000000 08:01 527374                     /usr/lib/libresolv-2.20.so
7f89ccbec000-7f89ccdeb000 ---p 00014000 08:01 527374                     /usr/lib/libresolv-2.20.so
7f89ccdeb000-7f89ccdec000 r--p 00013000 08:01 527374                     /usr/lib/libresolv-2.20.so
7f89ccdec000-7f89ccded000 rw-p 00014000 08:01 527374                     /usr/lib/libresolv-2.20.so
7f89ccded000-7f89ccdef000 rw-p 00000000 00:00 0 
7f89ccdef000-7f89cce5d000 r-xp 00000000 08:01 535698                     /usr/lib/libpcre.so.1.2.4
7f89cce5d000-7f89cd05c000 ---p 0006e000 08:01 535698                     /usr/lib/libpcre.so.1.2.4
7f89cd05c000-7f89cd05d000 r--p 0006d000 08:01 535698                     /usr/lib/libpcre.so.1.2.4
7f89cd05d000-7f89cd05e000 rw-p 0006e000 08:01 535698                     /usr/lib/libpcre.so.1.2.4
7f89cd05e000-7f89cd061000 r-xp 00000000 08:01 535921                     /usr/lib/libgmodule-2.0.so.0.4200.1
7f89cd061000-7f89cd260000 ---p 00003000 08:01 535921                     /usr/lib/libgmodule-2.0.so.0.4200.1
7f89cd260000-7f89cd261000 r--p 00002000 08:01 535921                     /usr/lib/libgmodule-2.0.so.0.4200.1
7f89cd261000-7f89cd262000 rw-p 00003000 08:01 535921                     /usr/lib/libgmodule-2.0.so.0.4200.1
7f89cd262000-7f89cd26a000 r-xp 00000000 08:01 527845                     /usr/lib/libffi.so.6.0.4
7f89cd26a000-7f89cd469000 ---p 00008000 08:01 527845                     /usr/lib/libffi.so.6.0.4
7f89cd469000-7f89cd46a000 r--p 00007000 08:01 527845                     /usr/lib/libffi.so.6.0.4
7f89cd46a000-7f89cd46b000 rw-p 00008000 08:01 527845                     /usr/lib/libffi.so.6.0.4
7f89cd46b000-7f89cd577000 r-xp 00000000 08:01 535920                     /usr/lib/libglib-2.0.so.0.4200.1
7f89cd577000-7f89cd776000 ---p 0010c000 08:01 535920                     /usr/lib/libglib-2.0.so.0.4200.1
7f89cd776000-7f89cd777000 r--p 0010b000 08:01 535920                     /usr/lib/libglib-2.0.so.0.4200.1
7f89cd777000-7f89cd778000 rw-p 0010c000 08:01 535920                     /usr/lib/libglib-2.0.so.0.4200.1
7f89cd778000-7f89cd779000 rw-p 00000000 00:00 0 
7f89cd779000-7f89cd7c9000 r-xp 00000000 08:01 535923                     /usr/lib/libgobject-2.0.so.0.4200.1
7f89cd7c9000-7f89cd9c8000 ---p 00050000 08:01 535923                     /usr/lib/libgobject-2.0.so.0.4200.1
7f89cd9c8000-7f89cd9c9000 r--p 0004f000 08:01 535923                     /usr/lib/libgobject-2.0.so.0.4200.1
7f89cd9c9000-7f89cd9ca000 rw-p 00050000 08:01 535923                     /usr/lib/libgobject-2.0.so.0.4200.1
7f89cd9ca000-7f89cdb39000 r-xp 00000000 08:01 535924                     /usr/lib/libgio-2.0.so.0.4200.1
7f89cdb39000-7f89cdd39000 ---p 0016f000 08:01 535924                     /usr/lib/libgio-2.0.so.0.4200.1
7f89cdd39000-7f89cdd3d000 r--p 0016f000 08:01 535924                     /usr/lib/libgio-2.0.so.0.4200.1
7f89cdd3d000-7f89cdd3f000 rw-p 00173000 08:01 535924                     /usr/lib/libgio-2.0.so.0.4200.1
7f89cdd3f000-7f89cdd41000 rw-p 00000000 00:00 0 
7f89cdd41000-7f89cdd58000 r-xp 00000000 08:01 679111                     /usr/lib/jvm/java-7-openjdk/jre/lib/amd64/libnet.so
7f89cdd58000-7f89cdf57000 ---p 00017000 08:01 679111                     /usr/lib/jvm/java-7-openjdk/jre/lib/amd64/libnet.so
7f89cdf57000-7f89cdf58000 rw-p 00016000 08:01 679111                     /usr/lib/jvm/java-7-openjdk/jre/lib/amd64/libnet.so
7f89cdf58000-7f89cdf59000 ---p 00000000 00:00 0 
7f89cdf59000-7f89ce059000 rw-p 00000000 00:00 0                          [stack:8298]
7f89ce059000-7f89ce05c000 ---p 00000000 00:00 0 
7f89ce05c000-7f89ce15a000 rw-p 00000000 00:00 0                          [stack:8297]
7f89ce15a000-7f89ce15d000 ---p 00000000 00:00 0 
7f89ce15d000-7f89ce25b000 rw-p 00000000 00:00 0                          [stack:8296]
7f89ce25b000-7f89ce25e000 ---p 00000000 00:00 0 
7f89ce25e000-7f89ce35c000 rw-p 00000000 00:00 0                          [stack:8295]
7f89ce35c000-7f89ce35f000 ---p 00000000 00:00 0 
7f89ce35f000-7f89ce45d000 rw-p 00000000 00:00 0                          [stack:8294]
7f89ce45d000-7f89ce5e6000 r--p 00000000 08:01 527836                     /usr/lib/locale/locale-archive
7f89ce5e6000-7f89ce5e9000 ---p 00000000 00:00 0 
7f89ce5e9000-7f89ce6e7000 rw-p 00000000 00:00 0                          [stack:8293]
7f89ce6e7000-7f89ce6ea000 ---p 00000000 00:00 0 
7f89ce6ea000-7f89ce7e8000 rw-p 00000000 00:00 0                          [stack:8292]
7f89ce7e8000-7f89ce7e9000 ---p 00000000 00:00 0 
7f89ce7e9000-7f89d0000000 rw-p 00000000 00:00 0                          [stack:8291]
7f89d0000000-7f89d0021000 rw-p 00000000 00:00 0 
7f89d0021000-7f89d4000000 ---p 00000000 00:00 0 
7f89d4000000-7f89d4021000 rw-p 00000000 00:00 0 
7f89d4021000-7f89d8000000 ---p 00000000 00:00 0 
7f89d8000000-7f89d8021000 rw-p 00000000 00:00 0 
7f89d8021000-7f89dc000000 ---p 00000000 00:00 0 
7f89dc000000-7f89dc021000 rw-p 00000000 00:00 0 
7f89dc021000-7f89e0000000 ---p 00000000 00:00 0 
7f89e0000000-7f89e0021000 rw-p 00000000 00:00 0 
7f89e0021000-7f89e4000000 ---p 00000000 00:00 0 
7f89e4000000-7f89e4002000 r--s 00006000 08:02 6305427                    /home/raf/.sbt/boot/scala-2.10.4/org.scala-sbt/sbt/0.13.7/relation-0.13.7.jar
7f89e4002000-7f89e4004000 r--s 00013000 08:02 6305408                    /home/raf/.sbt/boot/scala-2.10.4/org.scala-sbt/sbt/0.13.7/json4s-ast_2.10-3.2.10.jar
7f89e4004000-7f89e4006000 r--s 00001000 08:02 6305436                    /home/raf/.sbt/boot/scala-2.10.4/org.scala-sbt/sbt/0.13.7/launcher-interface-0.13.7.jar
7f89e4006000-7f89e4007000 r--s 00005000 08:02 6305398                    /home/raf/.sbt/boot/scala-2.10.4/org.scala-sbt/sbt/0.13.7/sbt-0.13.7.jar
7f89e4007000-7f89e400c000 r--s 00036000 08:02 6305405                    /home/raf/.sbt/boot/scala-2.10.4/org.scala-sbt/sbt/0.13.7/command-0.13.7.jar
7f89e400c000-7f89e400e000 r--s 00017000 08:02 6305416                    /home/raf/.sbt/boot/scala-2.10.4/org.scala-sbt/sbt/0.13.7/testing-0.13.7.jar
7f89e400e000-7f89e4012000 r--s 00034000 08:02 6305400                    /home/raf/.sbt/boot/scala-2.10.4/org.scala-sbt/sbt/0.13.7/jsch-0.1.46.jar
7f89e4012000-7f89e4015000 r--s 00012000 08:02 6305439                    /home/raf/.sbt/boot/scala-2.10.4/org.scala-sbt/sbt/0.13.7/classfile-0.13.7.jar
7f89e4015000-7f89e401a000 r--s 00023000 08:02 6305423                    /home/raf/.sbt/boot/scala-2.10.4/org.scala-sbt/sbt/0.13.7/persist-0.13.7.jar
7f89e401a000-7f89e4050000 r--s 002d9000 08:02 3933229                    /home/raf/.sbt/boot/scala-2.10.4/lib/scala-reflect.jar
7f89e4050000-7f89e4059000 r--s 000b9000 08:01 575443                     /usr/lib/jvm/java-7-openjdk/jre/lib/resources.jar
7f89e4059000-7f89e44a6000 rw-p 00000000 00:00 0 
7f89e44a6000-7f89e4657000 r--s 01d25000 08:01 575442                     /usr/lib/jvm/java-7-openjdk/jre/lib/rt.jar
7f89e4657000-7f89e4afb000 rw-p 00000000 00:00 0 
7f89e4afb000-7f89e4afc000 ---p 00000000 00:00 0 
7f89e4afc000-7f89e4bfc000 rw-p 00000000 00:00 0                          [stack:8290]
7f89e4bfc000-7f89e4bfd000 ---p 00000000 00:00 0 
7f89e4bfd000-7f89e4cfd000 rw-p 00000000 00:00 0                          [stack:8289]
7f89e4cfd000-7f89e4cfe000 ---p 00000000 00:00 0 
7f89e4cfe000-7f89e4dfe000 rw-p 00000000 00:00 0                          [stack:8288]
7f89e4dfe000-7f89e4dff000 ---p 00000000 00:00 0 
7f89e4dff000-7f89e4eff000 rw-p 00000000 00:00 0                          [stack:8287]
7f89e4eff000-7f89e4f00000 ---p 00000000 00:00 0 
7f89e4f00000-7f89e5000000 rw-p 00000000 00:00 0                          [stack:8286]
7f89e5000000-7f89e5510000 rwxp 00000000 00:00 0 
7f89e5510000-7f89e97f2000 rw-p 00000000 00:00 0 
7f89e97f2000-7f89ec000000 ---p 00000000 00:00 0 
7f89ec000000-7f89ec002000 r--s 0000f000 08:02 6305429                    /home/raf/.sbt/boot/scala-2.10.4/org.scala-sbt/sbt/0.13.7/json4s-native_2.10-3.2.10.jar
7f89ec002000-7f89ec006000 r--s 00025000 08:02 3933230                    /home/raf/.sbt/boot/scala-2.10.4/lib/jline.jar
7f89ec006000-7f89ec08b000 rw-p 00000000 00:00 0 
7f89ec08b000-7f89ec08c000 ---p 00000000 00:00 0 
7f89ec08c000-7f89ec18c000 rw-p 00000000 00:00 0                          [stack:8285]
7f89ec18c000-7f89ec18d000 ---p 00000000 00:00 0 
7f89ec18d000-7f89ec28d000 rw-p 00000000 00:00 0                          [stack:8284]
7f89ec28d000-7f89ec28e000 ---p 00000000 00:00 0 
7f89ec28e000-7f89ec3ab000 rw-p 00000000 00:00 0                          [stack:8283]
7f89ec3ab000-7f89ec3e1000 rw-p 00000000 00:00 0 
7f89ec3e1000-7f89ec40a000 rw-p 00000000 00:00 0 
7f89ec40a000-7f89ec673000 rw-p 00000000 00:00 0 
7f89ec673000-7f89ec690000 rw-p 00000000 00:00 0 
7f89ec690000-7f89ec6c6000 rw-p 00000000 00:00 0 
7f89ec6c6000-7f89ec6ef000 rw-p 00000000 00:00 0 
7f89ec6ef000-7f89ec958000 rw-p 00000000 00:00 0 
7f89ec958000-7f89ec9e7000 rw-p 00000000 00:00 0 
7f89ec9e7000-7f89ec9ec000 ---p 00000000 00:00 0 
7f89ec9ec000-7f89ecaa1000 rw-p 00000000 00:00 0 
7f89ecaa1000-7f89ecaa2000 rw-p 00000000 00:00 0 
7f89ecaa2000-7f89ecaaa000 r-xp 00000000 08:01 679110                     /usr/lib/jvm/java-7-openjdk/jre/lib/amd64/libzip.so
7f89ecaaa000-7f89ecca9000 ---p 00008000 08:01 679110                     /usr/lib/jvm/java-7-openjdk/jre/lib/amd64/libzip.so
7f89ecca9000-7f89eccaa000 rw-p 00007000 08:01 679110                     /usr/lib/jvm/java-7-openjdk/jre/lib/amd64/libzip.so
7f89eccaa000-7f89eccb5000 r-xp 00000000 08:01 527375                     /usr/lib/libnss_files-2.20.so
7f89eccb5000-7f89eceb5000 ---p 0000b000 08:01 527375                     /usr/lib/libnss_files-2.20.so
7f89eceb5000-7f89eceb6000 r--p 0000b000 08:01 527375                     /usr/lib/libnss_files-2.20.so
7f89eceb6000-7f89eceb7000 rw-p 0000c000 08:01 527375                     /usr/lib/libnss_files-2.20.so
7f89eceb7000-7f89ecee3000 r-xp 00000000 08:01 679109                     /usr/lib/jvm/java-7-openjdk/jre/lib/amd64/libjava.so
7f89ecee3000-7f89ed0e2000 ---p 0002c000 08:01 679109                     /usr/lib/jvm/java-7-openjdk/jre/lib/amd64/libjava.so
7f89ed0e2000-7f89ed0e4000 rw-p 0002b000 08:01 679109                     /usr/lib/jvm/java-7-openjdk/jre/lib/amd64/libjava.so
7f89ed0e4000-7f89ed0f1000 r-xp 00000000 08:01 679108                     /usr/lib/jvm/java-7-openjdk/jre/lib/amd64/libverify.so
7f89ed0f1000-7f89ed2f0000 ---p 0000d000 08:01 679108                     /usr/lib/jvm/java-7-openjdk/jre/lib/amd64/libverify.so
7f89ed2f0000-7f89ed2f2000 rw-p 0000c000 08:01 679108                     /usr/lib/jvm/java-7-openjdk/jre/lib/amd64/libverify.so
7f89ed2f2000-7f89ed2f9000 r-xp 00000000 08:01 527417                     /usr/lib/librt-2.20.so
7f89ed2f9000-7f89ed4f8000 ---p 00007000 08:01 527417                     /usr/lib/librt-2.20.so
7f89ed4f8000-7f89ed4f9000 r--p 00006000 08:01 527417                     /usr/lib/librt-2.20.so
7f89ed4f9000-7f89ed4fa000 rw-p 00007000 08:01 527417                     /usr/lib/librt-2.20.so
7f89ed4fa000-7f89ed510000 r-xp 00000000 08:01 530839                     /usr/lib/libgcc_s.so.1
7f89ed510000-7f89ed70f000 ---p 00016000 08:01 530839                     /usr/lib/libgcc_s.so.1
7f89ed70f000-7f89ed710000 rw-p 00015000 08:01 530839                     /usr/lib/libgcc_s.so.1
7f89ed710000-7f89ed813000 r-xp 00000000 08:01 527405                     /usr/lib/libm-2.20.so
7f89ed813000-7f89eda13000 ---p 00103000 08:01 527405                     /usr/lib/libm-2.20.so
7f89eda13000-7f89eda14000 r--p 00103000 08:01 527405                     /usr/lib/libm-2.20.so
7f89eda14000-7f89eda15000 rw-p 00104000 08:01 527405                     /usr/lib/libm-2.20.so
7f89eda15000-7f89edb05000 r-xp 00000000 08:01 544478                     /usr/lib/libstdc++.so.6.0.20
7f89edb05000-7f89edd05000 ---p 000f0000 08:01 544478                     /usr/lib/libstdc++.so.6.0.20
7f89edd05000-7f89edd0d000 r--p 000f0000 08:01 544478                     /usr/lib/libstdc++.so.6.0.20
7f89edd0d000-7f89edd0f000 rw-p 000f8000 08:01 544478                     /usr/lib/libstdc++.so.6.0.20
7f89edd0f000-7f89edd24000 rw-p 00000000 00:00 0 
7f89edd24000-7f89ee871000 r-xp 00000000 08:01 679142                     /usr/lib/jvm/java-7-openjdk/jre/lib/amd64/server/libjvm.so
7f89ee871000-7f89eea70000 ---p 00b4d000 08:01 679142                     /usr/lib/jvm/java-7-openjdk/jre/lib/amd64/server/libjvm.so
7f89eea70000-7f89eeb32000 rw-p 00b4c000 08:01 679142                     /usr/lib/jvm/java-7-openjdk/jre/lib/amd64/server/libjvm.so
7f89eeb32000-7f89eeb5e000 rw-p 00000000 00:00 0 
7f89eeb5e000-7f89eeb73000 r-xp 00000000 08:01 530606                     /usr/lib/libz.so.1.2.8
7f89eeb73000-7f89eed72000 ---p 00015000 08:01 530606                     /usr/lib/libz.so.1.2.8
7f89eed72000-7f89eed73000 r--p 00014000 08:01 530606                     /usr/lib/libz.so.1.2.8
7f89eed73000-7f89eed74000 rw-p 00015000 08:01 530606                     /usr/lib/libz.so.1.2.8
7f89eed74000-7f89eef0e000 r-xp 00000000 08:01 527406                     /usr/lib/libc-2.20.so
7f89eef0e000-7f89ef10d000 ---p 0019a000 08:01 527406                     /usr/lib/libc-2.20.so
7f89ef10d000-7f89ef111000 r--p 00199000 08:01 527406                     /usr/lib/libc-2.20.so
7f89ef111000-7f89ef113000 rw-p 0019d000 08:01 527406                     /usr/lib/libc-2.20.so
7f89ef113000-7f89ef117000 rw-p 00000000 00:00 0 
7f89ef117000-7f89ef11a000 r-xp 00000000 08:01 527373                     /usr/lib/libdl-2.20.so
7f89ef11a000-7f89ef319000 ---p 00003000 08:01 527373                     /usr/lib/libdl-2.20.so
7f89ef319000-7f89ef31a000 r--p 00002000 08:01 527373                     /usr/lib/libdl-2.20.so
7f89ef31a000-7f89ef31b000 rw-p 00003000 08:01 527373                     /usr/lib/libdl-2.20.so
7f89ef31b000-7f89ef328000 r-xp 00000000 08:01 679138                     /usr/lib/jvm/java-7-openjdk/jre/lib/amd64/jli/libjli.so
7f89ef328000-7f89ef527000 ---p 0000d000 08:01 679138                     /usr/lib/jvm/java-7-openjdk/jre/lib/amd64/jli/libjli.so
7f89ef527000-7f89ef528000 rw-p 0000c000 08:01 679138                     /usr/lib/jvm/java-7-openjdk/jre/lib/amd64/jli/libjli.so
7f89ef528000-7f89ef53f000 r-xp 00000000 08:01 527380                     /usr/lib/libpthread-2.20.so
7f89ef53f000-7f89ef73e000 ---p 00017000 08:01 527380                     /usr/lib/libpthread-2.20.so
7f89ef73e000-7f89ef73f000 r--p 00016000 08:01 527380                     /usr/lib/libpthread-2.20.so
7f89ef73f000-7f89ef740000 rw-p 00017000 08:01 527380                     /usr/lib/libpthread-2.20.so
7f89ef740000-7f89ef744000 rw-p 00000000 00:00 0 
7f89ef744000-7f89ef766000 r-xp 00000000 08:01 527377                     /usr/lib/ld-2.20.so
7f89ef766000-7f89ef769000 r--s 00018000 08:02 3933228                    /home/raf/.sbt/boot/scala-2.10.4/lib/jansi.jar
7f89ef769000-7f89ef76d000 r--s 00034000 08:01 679102                     /usr/lib/jvm/java-7-openjdk/jre/lib/ext/sunjce_provider.jar
7f89ef76d000-7f89ef771000 r--s 0003c000 08:01 679099                     /usr/lib/jvm/java-7-openjdk/jre/lib/ext/sunpkcs11.jar
7f89ef771000-7f89ef774000 r--s 00017000 08:01 575440                     /usr/lib/jvm/java-7-openjdk/jre/lib/jce.jar
7f89ef774000-7f89ef789000 rw-p 00000000 00:00 0 
7f89ef789000-7f89ef834000 rw-p 00000000 00:00 0 
7f89ef834000-7f89ef837000 ---p 00000000 00:00 0 
7f89ef837000-7f89ef939000 rw-p 00000000 00:00 0                          [stack:8282]
7f89ef939000-7f89ef93a000 r--s 00005000 08:02 6305402                    /home/raf/.sbt/boot/scala-2.10.4/org.scala-sbt/sbt/0.13.7/test-agent-0.13.7.jar
7f89ef93a000-7f89ef93f000 r--s 0004c000 08:01 575444                     /usr/lib/jvm/java-7-openjdk/jre/lib/jsse.jar
7f89ef93f000-7f89ef95a000 r--s 0010d000 08:01 542212                     /usr/share/java/sbt/sbt-launch.jar
7f89ef95a000-7f89ef962000 rw-s 00000000 00:1e 133852                     /tmp/hsperfdata_raf/8281
7f89ef962000-7f89ef963000 rw-p 00000000 00:00 0 
7f89ef963000-7f89ef964000 ---p 00000000 00:00 0 
7f89ef964000-7f89ef965000 rw-p 00000000 00:00 0 
7f89ef965000-7f89ef966000 r--p 00021000 08:01 527377                     /usr/lib/ld-2.20.so
7f89ef966000-7f89ef967000 rw-p 00022000 08:01 527377                     /usr/lib/ld-2.20.so
7f89ef967000-7f89ef968000 rw-p 00000000 00:00 0 
7fff4ae01000-7fff4ae22000 rw-p 00000000 00:00 0                          [stack]
7fff4aff8000-7fff4affa000 r--p 00000000 00:00 0                          [vvar]
7fff4affa000-7fff4affc000 r-xp 00000000 00:00 0                          [vdso]
ffffffffff600000-ffffffffff601000 r-xp 00000000 00:00 0                  [vsyscall]

VM Arguments:
java_command: /usr/share/java/sbt/sbt-launch.jar package
Launcher Type: SUN_STANDARD

Environment Variables:
PATH=/usr/local/sbin:/usr/local/bin:/usr/bin:/usr/lib/jvm/default/bin:/usr/bin/site_perl:/usr/bin/vendor_perl:/usr/bin/core_perl:/usr/lib/smlnj/bin:/usr/lib/smlnj/bin
LD_LIBRARY_PATH=:/usr/local/lib:/usr/local/lib:/usr/local/lib
SHELL=/bin/bash
DISPLAY=:0

Signal Handlers:
SIGSEGV: [libjvm.so+0x980f20], sa_mask[0]=0x7ffbfeff, sa_flags=0x10000004
SIGBUS: [libjvm.so+0x980f20], sa_mask[0]=0x7ffbfeff, sa_flags=0x10000004
SIGFPE: [libjvm.so+0x7ef840], sa_mask[0]=0x7ffbfeff, sa_flags=0x10000004
SIGPIPE: SIG_IGN, sa_mask[0]=0x00000000, sa_flags=0x00000000
SIGXFSZ: [libjvm.so+0x7ef840], sa_mask[0]=0x7ffbfeff, sa_flags=0x10000004
SIGILL: [libjvm.so+0x7ef840], sa_mask[0]=0x7ffbfeff, sa_flags=0x10000004
SIGUSR1: SIG_DFL, sa_mask[0]=0x00000000, sa_flags=0x00000000
SIGUSR2: [libjvm.so+0x7ef6c0], sa_mask[0]=0x00000000, sa_flags=0x10000004
SIGHUP: [libjvm.so+0x7ef8c0], sa_mask[0]=0x7ffbfeff, sa_flags=0x10000004
SIGINT: [libjvm.so+0x7ef8c0], sa_mask[0]=0x7ffbfeff, sa_flags=0x10000004
SIGTERM: [libjvm.so+0x7ef8c0], sa_mask[0]=0x7ffbfeff, sa_flags=0x10000004
SIGQUIT: [libjvm.so+0x7ef8c0], sa_mask[0]=0x7ffbfeff, sa_flags=0x10000004
SIGTRAP: SIG_DFL, sa_mask[0]=0x00000000, sa_flags=0x00000000


---------------  S Y S T E M  ---------------

OS:Linux
uname:Linux 3.17.2-1-ARCH #1 SMP PREEMPT Thu Oct 30 20:49:39 CET 2014 x86_64
libc:glibc 2.20 NPTL 2.20 
rlimit: STACK 8192k, CORE 0k, NPROC 31558, NOFILE 50000, AS infinity
load average:1.18 1.12 0.79

/proc/meminfo:
MemTotal:        8084536 kB
MemFree:          127508 kB
MemAvailable:      81204 kB
Buffers:             504 kB
Cached:           296780 kB
SwapCached:            0 kB
Active:          3656492 kB
Inactive:         224732 kB
Active(anon):    3637244 kB
Inactive(anon):   204456 kB
Active(file):      19248 kB
Inactive(file):    20276 kB
Unevictable:       15324 kB
Mlocked:           15324 kB
SwapTotal:             0 kB
SwapFree:              0 kB
Dirty:                 0 kB
Writeback:             0 kB
AnonPages:       3599336 kB
Mapped:          2393616 kB
Shmem:            251904 kB
Slab:             110408 kB
SReclaimable:      36804 kB
SUnreclaim:        73604 kB
KernelStack:       12736 kB
PageTables:        70220 kB
NFS_Unstable:          0 kB
Bounce:                0 kB
WritebackTmp:          0 kB
CommitLimit:     4042268 kB
Committed_AS:   12516228 kB
VmallocTotal:   34359738367 kB
VmallocUsed:      493148 kB
VmallocChunk:   34359237068 kB
HardwareCorrupted:     0 kB
AnonHugePages:    870400 kB
HugePages_Total:       0
HugePages_Free:        0
HugePages_Rsvd:        0
HugePages_Surp:        0
Hugepagesize:       2048 kB
DirectMap4k:       90900 kB
DirectMap2M:     8202240 kB


CPU:total 8 (4 cores per cpu, 2 threads per core) family 6 model 42 stepping 7, cmov, cx8, fxsr, mmx, sse, sse2, sse3, ssse3, sse4.1, sse4.2, popcnt, avx, aes, ht, tsc, tscinvbit

/proc/cpuinfo:
processor	: 0
vendor_id	: GenuineIntel
cpu family	: 6
model		: 42
model name	: Intel(R) Core(TM) i7-2670QM CPU @ 2.20GHz
stepping	: 7
microcode	: 0x23
cpu MHz		: 2799.929
cache size	: 6144 KB
physical id	: 0
siblings	: 8
core id		: 0
cpu cores	: 4
apicid		: 0
initial apicid	: 0
fpu		: yes
fpu_exception	: yes
cpuid level	: 13
wp		: yes
flags		: fpu vme de pse tsc msr pae mce cx8 apic sep mtrr pge mca cmov pat pse36 clflush dts acpi mmx fxsr sse sse2 ss ht tm pbe syscall nx rdtscp lm constant_tsc arch_perfmon pebs bts rep_good nopl xtopology nonstop_tsc aperfmperf eagerfpu pni pclmulqdq dtes64 monitor ds_cpl vmx est tm2 ssse3 cx16 xtpr pdcm pcid sse4_1 sse4_2 x2apic popcnt tsc_deadline_timer aes xsave avx lahf_lm ida arat epb pln pts dtherm tpr_shadow vnmi flexpriority ept vpid xsaveopt
bugs		:
bogomips	: 4391.97
clflush size	: 64
cache_alignment	: 64
address sizes	: 36 bits physical, 48 bits virtual
power management:

processor	: 1
vendor_id	: GenuineIntel
cpu family	: 6
model		: 42
model name	: Intel(R) Core(TM) i7-2670QM CPU @ 2.20GHz
stepping	: 7
microcode	: 0x23
cpu MHz		: 2799.929
cache size	: 6144 KB
physical id	: 0
siblings	: 8
core id		: 1
cpu cores	: 4
apicid		: 2
initial apicid	: 2
fpu		: yes
fpu_exception	: yes
cpuid level	: 13
wp		: yes
flags		: fpu vme de pse tsc msr pae mce cx8 apic sep mtrr pge mca cmov pat pse36 clflush dts acpi mmx fxsr sse sse2 ss ht tm pbe syscall nx rdtscp lm constant_tsc arch_perfmon pebs bts rep_good nopl xtopology nonstop_tsc aperfmperf eagerfpu pni pclmulqdq dtes64 monitor ds_cpl vmx est tm2 ssse3 cx16 xtpr pdcm pcid sse4_1 sse4_2 x2apic popcnt tsc_deadline_timer aes xsave avx lahf_lm ida arat epb pln pts dtherm tpr_shadow vnmi flexpriority ept vpid xsaveopt
bugs		:
bogomips	: 4391.97
clflush size	: 64
cache_alignment	: 64
address sizes	: 36 bits physical, 48 bits virtual
power management:

processor	: 2
vendor_id	: GenuineIntel
cpu family	: 6
model		: 42
model name	: Intel(R) Core(TM) i7-2670QM CPU @ 2.20GHz
stepping	: 7
microcode	: 0x23
cpu MHz		: 2779.992
cache size	: 6144 KB
physical id	: 0
siblings	: 8
core id		: 2
cpu cores	: 4
apicid		: 4
initial apicid	: 4
fpu		: yes
fpu_exception	: yes
cpuid level	: 13
wp		: yes
flags		: fpu vme de pse tsc msr pae mce cx8 apic sep mtrr pge mca cmov pat pse36 clflush dts acpi mmx fxsr sse sse2 ss ht tm pbe syscall nx rdtscp lm constant_tsc arch_perfmon pebs bts rep_good nopl xtopology nonstop_tsc aperfmperf eagerfpu pni pclmulqdq dtes64 monitor ds_cpl vmx est tm2 ssse3 cx16 xtpr pdcm pcid sse4_1 sse4_2 x2apic popcnt tsc_deadline_timer aes xsave avx lahf_lm ida arat epb pln pts dtherm tpr_shadow vnmi flexpriority ept vpid xsaveopt
bugs		:
bogomips	: 4391.97
clflush size	: 64
cache_alignment	: 64
address sizes	: 36 bits physical, 48 bits virtual
power management:

processor	: 3
vendor_id	: GenuineIntel
cpu family	: 6
model		: 42
model name	: Intel(R) Core(TM) i7-2670QM CPU @ 2.20GHz
stepping	: 7
microcode	: 0x23
cpu MHz		: 2799.929
cache size	: 6144 KB
physical id	: 0
siblings	: 8
core id		: 3
cpu cores	: 4
apicid		: 6
initial apicid	: 6
fpu		: yes
fpu_exception	: yes
cpuid level	: 13
wp		: yes
flags		: fpu vme de pse tsc msr pae mce cx8 apic sep mtrr pge mca cmov pat pse36 clflush dts acpi mmx fxsr sse sse2 ss ht tm pbe syscall nx rdtscp lm constant_tsc arch_perfmon pebs bts rep_good nopl xtopology nonstop_tsc aperfmperf eagerfpu pni pclmulqdq dtes64 monitor ds_cpl vmx est tm2 ssse3 cx16 xtpr pdcm pcid sse4_1 sse4_2 x2apic popcnt tsc_deadline_timer aes xsave avx lahf_lm ida arat epb pln pts dtherm tpr_shadow vnmi flexpriority ept vpid xsaveopt
bugs		:
bogomips	: 4391.97
clflush size	: 64
cache_alignment	: 64
address sizes	: 36 bits physical, 48 bits virtual
power management:

processor	: 4
vendor_id	: GenuineIntel
cpu family	: 6
model		: 42
model name	: Intel(R) Core(TM) i7-2670QM CPU @ 2.20GHz
stepping	: 7
microcode	: 0x23
cpu MHz		: 2800.187
cache size	: 6144 KB
physical id	: 0
siblings	: 8
core id		: 0
cpu cores	: 4
apicid		: 1
initial apicid	: 1
fpu		: yes
fpu_exception	: yes
cpuid level	: 13
wp		: yes
flags		: fpu vme de pse tsc msr pae mce cx8 apic sep mtrr pge mca cmov pat pse36 clflush dts acpi mmx fxsr sse sse2 ss ht tm pbe syscall nx rdtscp lm constant_tsc arch_perfmon pebs bts rep_good nopl xtopology nonstop_tsc aperfmperf eagerfpu pni pclmulqdq dtes64 monitor ds_cpl vmx est tm2 ssse3 cx16 xtpr pdcm pcid sse4_1 sse4_2 x2apic popcnt tsc_deadline_timer aes xsave avx lahf_lm ida arat epb pln pts dtherm tpr_shadow vnmi flexpriority ept vpid xsaveopt
bugs		:
bogomips	: 4391.97
clflush size	: 64
cache_alignment	: 64
address sizes	: 36 bits physical, 48 bits virtual
power management:

processor	: 5
vendor_id	: GenuineIntel
cpu family	: 6
model		: 42
model name	: Intel(R) Core(TM) i7-2670QM CPU @ 2.20GHz
stepping	: 7
microcode	: 0x23
cpu MHz		: 2694.226
cache size	: 6144 KB
physical id	: 0
siblings	: 8
core id		: 1
cpu cores	: 4
apicid		: 3
initial apicid	: 3
fpu		: yes
fpu_exception	: yes
cpuid level	: 13
wp		: yes
flags		: fpu vme de pse tsc msr pae mce cx8 apic sep mtrr pge mca cmov pat pse36 clflush dts acpi mmx fxsr sse sse2 ss ht tm pbe syscall nx rdtscp lm constant_tsc arch_perfmon pebs bts rep_good nopl xtopology nonstop_tsc aperfmperf eagerfpu pni pclmulqdq dtes64 monitor ds_cpl vmx est tm2 ssse3 cx16 xtpr pdcm pcid sse4_1 sse4_2 x2apic popcnt tsc_deadline_timer aes xsave avx lahf_lm ida arat epb pln pts dtherm tpr_shadow vnmi flexpriority ept vpid xsaveopt
bugs		:
bogomips	: 4391.97
clflush size	: 64
cache_alignment	: 64
address sizes	: 36 bits physical, 48 bits virtual
power management:

processor	: 6
vendor_id	: GenuineIntel
cpu family	: 6
model		: 42
model name	: Intel(R) Core(TM) i7-2670QM CPU @ 2.20GHz
stepping	: 7
microcode	: 0x23
cpu MHz		: 2799.929
cache size	: 6144 KB
physical id	: 0
siblings	: 8
core id		: 2
cpu cores	: 4
apicid		: 5
initial apicid	: 5
fpu		: yes
fpu_exception	: yes
cpuid level	: 13
wp		: yes
flags		: fpu vme de pse tsc msr pae mce cx8 apic sep mtrr pge mca cmov pat pse36 clflush dts acpi mmx fxsr sse sse2 ss ht tm pbe syscall nx rdtscp lm constant_tsc arch_perfmon pebs bts rep_good nopl xtopology nonstop_tsc aperfmperf eagerfpu pni pclmulqdq dtes64 monitor ds_cpl vmx est tm2 ssse3 cx16 xtpr pdcm pcid sse4_1 sse4_2 x2apic popcnt tsc_deadline_timer aes xsave avx lahf_lm ida arat epb pln pts dtherm tpr_shadow vnmi flexpriority ept vpid xsaveopt
bugs		:
bogomips	: 4391.97
clflush size	: 64
cache_alignment	: 64
address sizes	: 36 bits physical, 48 bits virtual
power management:

processor	: 7
vendor_id	: GenuineIntel
cpu family	: 6
model		: 42
model name	: Intel(R) Core(TM) i7-2670QM CPU @ 2.20GHz
stepping	: 7
microcode	: 0x23
cpu MHz		: 3051.812
cache size	: 6144 KB
physical id	: 0
siblings	: 8
core id		: 3
cpu cores	: 4
apicid		: 7
initial apicid	: 7
fpu		: yes
fpu_exception	: yes
cpuid level	: 13
wp		: yes
flags		: fpu vme de pse tsc msr pae mce cx8 apic sep mtrr pge mca cmov pat pse36 clflush dts acpi mmx fxsr sse sse2 ss ht tm pbe syscall nx rdtscp lm constant_tsc arch_perfmon pebs bts rep_good nopl xtopology nonstop_tsc aperfmperf eagerfpu pni pclmulqdq dtes64 monitor ds_cpl vmx est tm2 ssse3 cx16 xtpr pdcm pcid sse4_1 sse4_2 x2apic popcnt tsc_deadline_timer aes xsave avx lahf_lm ida arat epb pln pts dtherm tpr_shadow vnmi flexpriority ept vpid xsaveopt
bugs		:
bogomips	: 4391.97
clflush size	: 64
cache_alignment	: 64
address sizes	: 36 bits physical, 48 bits virtual
power management:



Memory: 4k page, physical 8084536k(127508k free), swap 0k(0k free)

vm_info: OpenJDK 64-Bit Server VM (24.65-b04) for linux-amd64 JRE (1.7.0_71-b14), built on Nov 19 2014 08:58:28 by "builduser" with gcc 4.9.2

time: Wed Dec 17 18:25:40 2014
elapsed time: 119 seconds

